Analysis & Synthesis report for EEC180_lab5
Thu May 28 19:54:36 2026
Quartus Prime Version 19.1.0 Build 670 09/22/2019 SJ Lite Edition


---------------------
; Table of Contents ;
---------------------
  1. Legal Notice
  2. Analysis & Synthesis Summary
  3. Analysis & Synthesis Settings
  4. Parallel Compilation
  5. Analysis & Synthesis Source Files Read
  6. Analysis & Synthesis Resource Usage Summary
  7. Analysis & Synthesis Resource Utilization by Entity
  8. Analysis & Synthesis DSP Block Usage Summary
  9. State Machine - |top|top_level:core|nr_unit:fsm|state
 10. Registers Removed During Synthesis
 11. Removed Registers Triggering Further Register Optimizations
 12. General Register Statistics
 13. Multiplexer Restructuring Statistics (Restructuring Performed)
 14. Parameter Settings for Inferred Entity Instance: top_level:core|nr_unit:fsm|lpm_mult:Mult0
 15. lpm_mult Parameter Settings by Entity Instance
 16. Post-Synthesis Netlist Statistics for Top Partition
 17. Elapsed Time Per Partition
 18. Analysis & Synthesis Messages



----------------
; Legal Notice ;
----------------
Copyright (C) 2019  Intel Corporation. All rights reserved.
Your use of Intel Corporation's design tools, logic functions 
and other software and tools, and any partner logic 
functions, and any output files from any of the foregoing 
(including device programming or simulation files), and any 
associated documentation or information are expressly subject 
to the terms and conditions of the Intel Program License 
Subscription Agreement, the Intel Quartus Prime License Agreement,
the Intel FPGA IP License Agreement, or other applicable license
agreement, including, without limitation, that your use is for
the sole purpose of programming logic devices manufactured by
Intel and sold by Intel or its authorized distributors.  Please
refer to the applicable agreement for further details, at
https://fpgasoftware.intel.com/eula.



+----------------------------------------------------------------------------------+
; Analysis & Synthesis Summary                                                     ;
+------------------------------------+---------------------------------------------+
; Analysis & Synthesis Status        ; Successful - Thu May 28 19:54:36 2026       ;
; Quartus Prime Version              ; 19.1.0 Build 670 09/22/2019 SJ Lite Edition ;
; Revision Name                      ; EEC180_lab5                                 ;
; Top-level Entity Name              ; top                                         ;
; Family                             ; MAX 10                                      ;
; Total logic elements               ; 1,431                                       ;
;     Total combinational functions  ; 1,381                                       ;
;     Dedicated logic registers      ; 198                                         ;
; Total registers                    ; 198                                         ;
; Total pins                         ; 71                                          ;
; Total virtual pins                 ; 0                                           ;
; Total memory bits                  ; 0                                           ;
; Embedded Multiplier 9-bit elements ; 8                                           ;
; Total PLLs                         ; 0                                           ;
; UFM blocks                         ; 0                                           ;
; ADC blocks                         ; 0                                           ;
+------------------------------------+---------------------------------------------+


+------------------------------------------------------------------------------------------------------------+
; Analysis & Synthesis Settings                                                                              ;
+------------------------------------------------------------------+--------------------+--------------------+
; Option                                                           ; Setting            ; Default Value      ;
+------------------------------------------------------------------+--------------------+--------------------+
; Device                                                           ; 10M50DAF484C7G     ;                    ;
; Top-level entity name                                            ; top                ; EEC180_lab5        ;
; Family name                                                      ; MAX 10             ; Cyclone V          ;
; Use smart compilation                                            ; Off                ; Off                ;
; Enable parallel Assembler and Timing Analyzer during compilation ; On                 ; On                 ;
; Enable compact report table                                      ; Off                ; Off                ;
; Restructure Multiplexers                                         ; Auto               ; Auto               ;
; Create Debugging Nodes for IP Cores                              ; Off                ; Off                ;
; Preserve fewer node names                                        ; On                 ; On                 ;
; Intel FPGA IP Evaluation Mode                                    ; Enable             ; Enable             ;
; Verilog Version                                                  ; Verilog_2001       ; Verilog_2001       ;
; VHDL Version                                                     ; VHDL_1993          ; VHDL_1993          ;
; State Machine Processing                                         ; Auto               ; Auto               ;
; Safe State Machine                                               ; Off                ; Off                ;
; Extract Verilog State Machines                                   ; On                 ; On                 ;
; Extract VHDL State Machines                                      ; On                 ; On                 ;
; Ignore Verilog initial constructs                                ; Off                ; Off                ;
; Iteration limit for constant Verilog loops                       ; 5000               ; 5000               ;
; Iteration limit for non-constant Verilog loops                   ; 250                ; 250                ;
; Add Pass-Through Logic to Inferred RAMs                          ; On                 ; On                 ;
; Infer RAMs from Raw Logic                                        ; On                 ; On                 ;
; Parallel Synthesis                                               ; On                 ; On                 ;
; DSP Block Balancing                                              ; Auto               ; Auto               ;
; NOT Gate Push-Back                                               ; On                 ; On                 ;
; Power-Up Don't Care                                              ; On                 ; On                 ;
; Remove Redundant Logic Cells                                     ; Off                ; Off                ;
; Remove Duplicate Registers                                       ; On                 ; On                 ;
; Ignore CARRY Buffers                                             ; Off                ; Off                ;
; Ignore CASCADE Buffers                                           ; Off                ; Off                ;
; Ignore GLOBAL Buffers                                            ; Off                ; Off                ;
; Ignore ROW GLOBAL Buffers                                        ; Off                ; Off                ;
; Ignore LCELL Buffers                                             ; Off                ; Off                ;
; Ignore SOFT Buffers                                              ; On                 ; On                 ;
; Limit AHDL Integers to 32 Bits                                   ; Off                ; Off                ;
; Optimization Technique                                           ; Balanced           ; Balanced           ;
; Carry Chain Length                                               ; 70                 ; 70                 ;
; Auto Carry Chains                                                ; On                 ; On                 ;
; Auto Open-Drain Pins                                             ; On                 ; On                 ;
; Perform WYSIWYG Primitive Resynthesis                            ; Off                ; Off                ;
; Auto ROM Replacement                                             ; On                 ; On                 ;
; Auto RAM Replacement                                             ; On                 ; On                 ;
; Auto DSP Block Replacement                                       ; On                 ; On                 ;
; Auto Shift Register Replacement                                  ; Auto               ; Auto               ;
; Allow Shift Register Merging across Hierarchies                  ; Auto               ; Auto               ;
; Auto Clock Enable Replacement                                    ; On                 ; On                 ;
; Strict RAM Replacement                                           ; Off                ; Off                ;
; Allow Synchronous Control Signals                                ; On                 ; On                 ;
; Force Use of Synchronous Clear Signals                           ; Off                ; Off                ;
; Auto RAM Block Balancing                                         ; On                 ; On                 ;
; Auto RAM to Logic Cell Conversion                                ; Off                ; Off                ;
; Auto Resource Sharing                                            ; Off                ; Off                ;
; Allow Any RAM Size For Recognition                               ; Off                ; Off                ;
; Allow Any ROM Size For Recognition                               ; Off                ; Off                ;
; Allow Any Shift Register Size For Recognition                    ; Off                ; Off                ;
; Use LogicLock Constraints during Resource Balancing              ; On                 ; On                 ;
; Ignore translate_off and synthesis_off directives                ; Off                ; Off                ;
; Timing-Driven Synthesis                                          ; On                 ; On                 ;
; Report Parameter Settings                                        ; On                 ; On                 ;
; Report Source Assignments                                        ; On                 ; On                 ;
; Report Connectivity Checks                                       ; On                 ; On                 ;
; Ignore Maximum Fan-Out Assignments                               ; Off                ; Off                ;
; Synchronization Register Chain Length                            ; 2                  ; 2                  ;
; Power Optimization During Synthesis                              ; Normal compilation ; Normal compilation ;
; HDL message level                                                ; Level2             ; Level2             ;
; Suppress Register Optimization Related Messages                  ; Off                ; Off                ;
; Number of Removed Registers Reported in Synthesis Report         ; 5000               ; 5000               ;
; Number of Swept Nodes Reported in Synthesis Report               ; 5000               ; 5000               ;
; Number of Inverted Registers Reported in Synthesis Report        ; 100                ; 100                ;
; Clock MUX Protection                                             ; On                 ; On                 ;
; Auto Gated Clock Conversion                                      ; Off                ; Off                ;
; Block Design Naming                                              ; Auto               ; Auto               ;
; SDC constraint protection                                        ; Off                ; Off                ;
; Synthesis Effort                                                 ; Auto               ; Auto               ;
; Shift Register Replacement - Allow Asynchronous Clear Signal     ; On                 ; On                 ;
; Pre-Mapping Resynthesis Optimization                             ; Off                ; Off                ;
; Analysis & Synthesis Message Level                               ; Medium             ; Medium             ;
; Disable Register Merging Across Hierarchies                      ; Auto               ; Auto               ;
; Resource Aware Inference For Block RAM                           ; On                 ; On                 ;
+------------------------------------------------------------------+--------------------+--------------------+


+------------------------------------------+
; Parallel Compilation                     ;
+----------------------------+-------------+
; Processors                 ; Number      ;
+----------------------------+-------------+
; Number detected on machine ; 8           ;
; Maximum allowed            ; 4           ;
;                            ;             ;
; Average used               ; 1.00        ;
; Maximum used               ; 4           ;
;                            ;             ;
; Usage by Processor         ; % Time Used ;
;     Processor 1            ; 100.0%      ;
;     Processor 2            ;   0.0%      ;
;     Processor 3            ;   0.0%      ;
;     Processor 4            ;   0.0%      ;
+----------------------------+-------------+


+----------------------------------------------------------------------------------------------------------------------------------------------------------------------+
; Analysis & Synthesis Source Files Read                                                                                                                               ;
+----------------------------------+-----------------+------------------------------+------------------------------------------------------------------------+---------+
; File Name with User-Entered Path ; Used in Netlist ; File Type                    ; File Name with Absolute Path                                           ; Library ;
+----------------------------------+-----------------+------------------------------+------------------------------------------------------------------------+---------+
; top.v                            ; yes             ; User Verilog HDL File        ; C:/Users/isidr/EEC 180 Labs/EEC180_lab5/top.v                          ;         ;
; ram32x16.v                       ; yes             ; User Verilog HDL File        ; C:/Users/isidr/EEC 180 Labs/EEC180_lab5/ram32x16.v                     ;         ;
; hex7seg.v                        ; yes             ; User Verilog HDL File        ; C:/Users/isidr/EEC 180 Labs/EEC180_lab5/hex7seg.v                      ;         ;
; lookup_table.v                   ; yes             ; User Verilog HDL File        ; C:/Users/isidr/EEC 180 Labs/EEC180_lab5/lookup_table.v                 ;         ;
; pack_bfloat16.v                  ; yes             ; User Verilog HDL File        ; C:/Users/isidr/EEC 180 Labs/EEC180_lab5/pack_bfloat16.v                ;         ;
; nr_unit.v                        ; yes             ; User Verilog HDL File        ; C:/Users/isidr/EEC 180 Labs/EEC180_lab5/nr_unit.v                      ;         ;
; top_level.v                      ; yes             ; User Verilog HDL File        ; C:/Users/isidr/EEC 180 Labs/EEC180_lab5/top_level.v                    ;         ;
; lpm_mult.tdf                     ; yes             ; Megafunction                 ; c:/intelfpga_lite/19.1/quartus/libraries/megafunctions/lpm_mult.tdf    ;         ;
; aglobal191.inc                   ; yes             ; Megafunction                 ; c:/intelfpga_lite/19.1/quartus/libraries/megafunctions/aglobal191.inc  ;         ;
; lpm_add_sub.inc                  ; yes             ; Megafunction                 ; c:/intelfpga_lite/19.1/quartus/libraries/megafunctions/lpm_add_sub.inc ;         ;
; multcore.inc                     ; yes             ; Megafunction                 ; c:/intelfpga_lite/19.1/quartus/libraries/megafunctions/multcore.inc    ;         ;
; bypassff.inc                     ; yes             ; Megafunction                 ; c:/intelfpga_lite/19.1/quartus/libraries/megafunctions/bypassff.inc    ;         ;
; altshift.inc                     ; yes             ; Megafunction                 ; c:/intelfpga_lite/19.1/quartus/libraries/megafunctions/altshift.inc    ;         ;
; db/mult_tns.tdf                  ; yes             ; Auto-Generated Megafunction  ; C:/Users/isidr/EEC 180 Labs/EEC180_lab5/db/mult_tns.tdf                ;         ;
+----------------------------------+-----------------+------------------------------+------------------------------------------------------------------------+---------+


+-------------------------------------------------------------------+
; Analysis & Synthesis Resource Usage Summary                       ;
+---------------------------------------------+---------------------+
; Resource                                    ; Usage               ;
+---------------------------------------------+---------------------+
; Estimated Total logic elements              ; 1,431               ;
;                                             ;                     ;
; Total combinational functions               ; 1381                ;
; Logic element usage by number of LUT inputs ;                     ;
;     -- 4 input functions                    ; 550                 ;
;     -- 3 input functions                    ; 572                 ;
;     -- <=2 input functions                  ; 259                 ;
;                                             ;                     ;
; Logic elements by mode                      ;                     ;
;     -- normal mode                          ; 1023                ;
;     -- arithmetic mode                      ; 358                 ;
;                                             ;                     ;
; Total registers                             ; 198                 ;
;     -- Dedicated logic registers            ; 198                 ;
;     -- I/O registers                        ; 0                   ;
;                                             ;                     ;
; I/O pins                                    ; 71                  ;
;                                             ;                     ;
; Embedded Multiplier 9-bit elements          ; 8                   ;
;                                             ;                     ;
; Maximum fan-out node                        ; MAX10_CLK1_50~input ;
; Maximum fan-out                             ; 198                 ;
; Total fan-out                               ; 5535                ;
; Average fan-out                             ; 3.20                ;
+---------------------------------------------+---------------------+


+----------------------------------------------------------------------------------------------------------------------------------------------------------------------------------------------------------------------------------------------------------------------------------------------------+
; Analysis & Synthesis Resource Utilization by Entity                                                                                                                                                                                                                                                ;
+---------------------------------------+---------------------+---------------------------+-------------+------------+--------------+---------+-----------+------+--------------+------------+------------------------------------------------------------------------+---------------+--------------+
; Compilation Hierarchy Node            ; Combinational ALUTs ; Dedicated Logic Registers ; Memory Bits ; UFM Blocks ; DSP Elements ; DSP 9x9 ; DSP 18x18 ; Pins ; Virtual Pins ; ADC blocks ; Full Hierarchy Name                                                    ; Entity Name   ; Library Name ;
+---------------------------------------+---------------------+---------------------------+-------------+------------+--------------+---------+-----------+------+--------------+------------+------------------------------------------------------------------------+---------------+--------------+
; |top                                  ; 1381 (87)           ; 198 (8)                   ; 0           ; 0          ; 8            ; 0       ; 4         ; 71   ; 0            ; 0          ; |top                                                                   ; top           ; work         ;
;    |hex7seg:y0_display|               ; 7 (7)               ; 0 (0)                     ; 0           ; 0          ; 0            ; 0       ; 0         ; 0    ; 0            ; 0          ; |top|hex7seg:y0_display                                                ; hex7seg       ; work         ;
;    |hex7seg:y1_display|               ; 7 (7)               ; 0 (0)                     ; 0           ; 0          ; 0            ; 0       ; 0         ; 0    ; 0            ; 0          ; |top|hex7seg:y1_display                                                ; hex7seg       ; work         ;
;    |hex7seg:y2_display|               ; 7 (7)               ; 0 (0)                     ; 0           ; 0          ; 0            ; 0       ; 0         ; 0    ; 0            ; 0          ; |top|hex7seg:y2_display                                                ; hex7seg       ; work         ;
;    |hex7seg:y3_display|               ; 7 (7)               ; 0 (0)                     ; 0           ; 0          ; 0            ; 0       ; 0         ; 0    ; 0            ; 0          ; |top|hex7seg:y3_display                                                ; hex7seg       ; work         ;
;    |ram32x16:input_ram|               ; 30 (30)             ; 0 (0)                     ; 0           ; 0          ; 0            ; 0       ; 0         ; 0    ; 0            ; 0          ; |top|ram32x16:input_ram                                                ; ram32x16      ; work         ;
;    |top_level:core|                   ; 1236 (0)            ; 190 (0)                   ; 0           ; 0          ; 8            ; 0       ; 4         ; 0    ; 0            ; 0          ; |top|top_level:core                                                    ; top_level     ; work         ;
;       |nr_unit:fsm|                   ; 384 (324)           ; 190 (190)                 ; 0           ; 0          ; 8            ; 0       ; 4         ; 0    ; 0            ; 0          ; |top|top_level:core|nr_unit:fsm                                        ; nr_unit       ; work         ;
;          |lpm_mult:Mult0|             ; 60 (0)              ; 0 (0)                     ; 0           ; 0          ; 8            ; 0       ; 4         ; 0    ; 0            ; 0          ; |top|top_level:core|nr_unit:fsm|lpm_mult:Mult0                         ; lpm_mult      ; work         ;
;             |mult_tns:auto_generated| ; 60 (60)             ; 0 (0)                     ; 0           ; 0          ; 8            ; 0       ; 4         ; 0    ; 0            ; 0          ; |top|top_level:core|nr_unit:fsm|lpm_mult:Mult0|mult_tns:auto_generated ; mult_tns      ; work         ;
;       |pack_bfloat16:pack|            ; 773 (773)           ; 0 (0)                     ; 0           ; 0          ; 0            ; 0       ; 0         ; 0    ; 0            ; 0          ; |top|top_level:core|pack_bfloat16:pack                                 ; pack_bfloat16 ; work         ;
;       |recip_rom:recip_sd|            ; 31 (31)             ; 0 (0)                     ; 0           ; 0          ; 0            ; 0       ; 0         ; 0    ; 0            ; 0          ; |top|top_level:core|recip_rom:recip_sd                                 ; recip_rom     ; work         ;
;       |rsqrt_rom:rsqrt_sd|            ; 48 (48)             ; 0 (0)                     ; 0           ; 0          ; 0            ; 0       ; 0         ; 0    ; 0            ; 0          ; |top|top_level:core|rsqrt_rom:rsqrt_sd                                 ; rsqrt_rom     ; work         ;
+---------------------------------------+---------------------+---------------------------+-------------+------------+--------------+---------+-----------+------+--------------+------------+------------------------------------------------------------------------+---------------+--------------+
Note: For table entries with two numbers listed, the numbers in parentheses indicate the number of resources of the given type used by the specific entity alone. The numbers listed outside of parentheses indicate the total resources of the given type used by the specific entity and all of its sub-entities in the hierarchy.


+-----------------------------------------------------+
; Analysis & Synthesis DSP Block Usage Summary        ;
+---------------------------------------+-------------+
; Statistic                             ; Number Used ;
+---------------------------------------+-------------+
; Simple Multipliers (9-bit)            ; 0           ;
; Simple Multipliers (18-bit)           ; 4           ;
; Embedded Multiplier Blocks            ; --          ;
; Embedded Multiplier 9-bit elements    ; 8           ;
; Signed Embedded Multipliers           ; 0           ;
; Unsigned Embedded Multipliers         ; 4           ;
; Mixed Sign Embedded Multipliers       ; 0           ;
; Variable Sign Embedded Multipliers    ; 0           ;
; Dedicated Input Shift Register Chains ; 0           ;
+---------------------------------------+-------------+
Note: number of Embedded Multiplier Blocks used is only available after a successful fit.


Encoding Type:  One-Hot
+----------------------------------------------------------------------------------------------------------------------------------------------------------+
; State Machine - |top|top_level:core|nr_unit:fsm|state                                                                                                    ;
+-----------------+-------------+-----------------+-----------------+-----------------+------------+------------+--------------+------------+--------------+
; Name            ; state.FINAL ; state.ITER_MUL3 ; state.ITER_MUL2 ; state.ITER_MUL1 ; state.SEED ; state.PREP ; state.UNPACK ; state.IDLE ; state.DONE_S ;
+-----------------+-------------+-----------------+-----------------+-----------------+------------+------------+--------------+------------+--------------+
; state.IDLE      ; 0           ; 0               ; 0               ; 0               ; 0          ; 0          ; 0            ; 0          ; 0            ;
; state.UNPACK    ; 0           ; 0               ; 0               ; 0               ; 0          ; 0          ; 1            ; 1          ; 0            ;
; state.PREP      ; 0           ; 0               ; 0               ; 0               ; 0          ; 1          ; 0            ; 1          ; 0            ;
; state.SEED      ; 0           ; 0               ; 0               ; 0               ; 1          ; 0          ; 0            ; 1          ; 0            ;
; state.ITER_MUL1 ; 0           ; 0               ; 0               ; 1               ; 0          ; 0          ; 0            ; 1          ; 0            ;
; state.ITER_MUL2 ; 0           ; 0               ; 1               ; 0               ; 0          ; 0          ; 0            ; 1          ; 0            ;
; state.ITER_MUL3 ; 0           ; 1               ; 0               ; 0               ; 0          ; 0          ; 0            ; 1          ; 0            ;
; state.FINAL     ; 1           ; 0               ; 0               ; 0               ; 0          ; 0          ; 0            ; 1          ; 0            ;
; state.DONE_S    ; 0           ; 0               ; 0               ; 0               ; 0          ; 0          ; 0            ; 1          ; 1            ;
+-----------------+-------------+-----------------+-----------------+-----------------+------------+------------+--------------+------------+--------------+


+----------------------------------------------------------------------------------------------------+
; Registers Removed During Synthesis                                                                 ;
+------------------------------------------------+---------------------------------------------------+
; Register name                                  ; Reason for Removal                                ;
+------------------------------------------------+---------------------------------------------------+
; top_level:core|nr_unit:fsm|mant_q[0..8,17..31] ; Stuck at GND due to stuck port data_in            ;
; top_level:core|nr_unit:fsm|arg_q[0..8,18..31]  ; Stuck at GND due to stuck port data_in            ;
; top_level:core|nr_unit:fsm|exp_in[8]           ; Merged with top_level:core|nr_unit:fsm|exp_in[9]  ;
; top_level:core|nr_unit:fsm|state~9             ; Lost fanout                                       ;
; top_level:core|nr_unit:fsm|state~10            ; Lost fanout                                       ;
; top_level:core|nr_unit:fsm|state~11            ; Lost fanout                                       ;
; top_level:core|nr_unit:fsm|arg_q[11..13]       ; Merged with top_level:core|nr_unit:fsm|arg_q[10]  ;
; top_level:core|nr_unit:fsm|mant_q[9,11..13]    ; Merged with top_level:core|nr_unit:fsm|mant_q[10] ;
; top_level:core|nr_unit:fsm|x_reg[1..4]         ; Merged with top_level:core|nr_unit:fsm|x_reg[0]   ;
; Total Number of Removed Registers = 62         ;                                                   ;
+------------------------------------------------+---------------------------------------------------+


+------------------------------------------------------------------------------------------------------------+
; Removed Registers Triggering Further Register Optimizations                                                ;
+---------------------------------------+---------------------------+----------------------------------------+
; Register name                         ; Reason for Removal        ; Registers Removed due to This Register ;
+---------------------------------------+---------------------------+----------------------------------------+
; top_level:core|nr_unit:fsm|mant_q[31] ; Stuck at GND              ; top_level:core|nr_unit:fsm|arg_q[31]   ;
;                                       ; due to stuck port data_in ;                                        ;
; top_level:core|nr_unit:fsm|mant_q[30] ; Stuck at GND              ; top_level:core|nr_unit:fsm|arg_q[30]   ;
;                                       ; due to stuck port data_in ;                                        ;
; top_level:core|nr_unit:fsm|mant_q[29] ; Stuck at GND              ; top_level:core|nr_unit:fsm|arg_q[29]   ;
;                                       ; due to stuck port data_in ;                                        ;
; top_level:core|nr_unit:fsm|mant_q[28] ; Stuck at GND              ; top_level:core|nr_unit:fsm|arg_q[28]   ;
;                                       ; due to stuck port data_in ;                                        ;
; top_level:core|nr_unit:fsm|mant_q[27] ; Stuck at GND              ; top_level:core|nr_unit:fsm|arg_q[27]   ;
;                                       ; due to stuck port data_in ;                                        ;
; top_level:core|nr_unit:fsm|mant_q[26] ; Stuck at GND              ; top_level:core|nr_unit:fsm|arg_q[26]   ;
;                                       ; due to stuck port data_in ;                                        ;
; top_level:core|nr_unit:fsm|mant_q[25] ; Stuck at GND              ; top_level:core|nr_unit:fsm|arg_q[25]   ;
;                                       ; due to stuck port data_in ;                                        ;
; top_level:core|nr_unit:fsm|mant_q[24] ; Stuck at GND              ; top_level:core|nr_unit:fsm|arg_q[24]   ;
;                                       ; due to stuck port data_in ;                                        ;
; top_level:core|nr_unit:fsm|mant_q[23] ; Stuck at GND              ; top_level:core|nr_unit:fsm|arg_q[23]   ;
;                                       ; due to stuck port data_in ;                                        ;
; top_level:core|nr_unit:fsm|mant_q[22] ; Stuck at GND              ; top_level:core|nr_unit:fsm|arg_q[22]   ;
;                                       ; due to stuck port data_in ;                                        ;
; top_level:core|nr_unit:fsm|mant_q[21] ; Stuck at GND              ; top_level:core|nr_unit:fsm|arg_q[21]   ;
;                                       ; due to stuck port data_in ;                                        ;
; top_level:core|nr_unit:fsm|mant_q[20] ; Stuck at GND              ; top_level:core|nr_unit:fsm|arg_q[20]   ;
;                                       ; due to stuck port data_in ;                                        ;
; top_level:core|nr_unit:fsm|mant_q[19] ; Stuck at GND              ; top_level:core|nr_unit:fsm|arg_q[19]   ;
;                                       ; due to stuck port data_in ;                                        ;
; top_level:core|nr_unit:fsm|mant_q[18] ; Stuck at GND              ; top_level:core|nr_unit:fsm|arg_q[18]   ;
;                                       ; due to stuck port data_in ;                                        ;
; top_level:core|nr_unit:fsm|mant_q[8]  ; Stuck at GND              ; top_level:core|nr_unit:fsm|arg_q[8]    ;
;                                       ; due to stuck port data_in ;                                        ;
; top_level:core|nr_unit:fsm|mant_q[7]  ; Stuck at GND              ; top_level:core|nr_unit:fsm|arg_q[7]    ;
;                                       ; due to stuck port data_in ;                                        ;
; top_level:core|nr_unit:fsm|mant_q[6]  ; Stuck at GND              ; top_level:core|nr_unit:fsm|arg_q[6]    ;
;                                       ; due to stuck port data_in ;                                        ;
; top_level:core|nr_unit:fsm|mant_q[5]  ; Stuck at GND              ; top_level:core|nr_unit:fsm|arg_q[5]    ;
;                                       ; due to stuck port data_in ;                                        ;
; top_level:core|nr_unit:fsm|mant_q[4]  ; Stuck at GND              ; top_level:core|nr_unit:fsm|arg_q[4]    ;
;                                       ; due to stuck port data_in ;                                        ;
; top_level:core|nr_unit:fsm|mant_q[3]  ; Stuck at GND              ; top_level:core|nr_unit:fsm|arg_q[3]    ;
;                                       ; due to stuck port data_in ;                                        ;
; top_level:core|nr_unit:fsm|mant_q[2]  ; Stuck at GND              ; top_level:core|nr_unit:fsm|arg_q[2]    ;
;                                       ; due to stuck port data_in ;                                        ;
; top_level:core|nr_unit:fsm|mant_q[1]  ; Stuck at GND              ; top_level:core|nr_unit:fsm|arg_q[1]    ;
;                                       ; due to stuck port data_in ;                                        ;
; top_level:core|nr_unit:fsm|mant_q[0]  ; Stuck at GND              ; top_level:core|nr_unit:fsm|arg_q[0]    ;
;                                       ; due to stuck port data_in ;                                        ;
+---------------------------------------+---------------------------+----------------------------------------+


+------------------------------------------------------+
; General Register Statistics                          ;
+----------------------------------------------+-------+
; Statistic                                    ; Value ;
+----------------------------------------------+-------+
; Total registers                              ; 198   ;
; Number of registers using Synchronous Clear  ; 1     ;
; Number of registers using Synchronous Load   ; 53    ;
; Number of registers using Asynchronous Clear ; 198   ;
; Number of registers using Asynchronous Load  ; 0     ;
; Number of registers using Clock Enable       ; 178   ;
; Number of registers using Preset             ; 0     ;
+----------------------------------------------+-------+


+----------------------------------------------------------------------------------------------------------------------------------------------------------------------+
; Multiplexer Restructuring Statistics (Restructuring Performed)                                                                                                       ;
+--------------------+-----------+---------------+----------------------+------------------------+------------+--------------------------------------------------------+
; Multiplexer Inputs ; Bus Width ; Baseline Area ; Area if Restructured ; Saving if Restructured ; Registered ; Example Multiplexer Output                             ;
+--------------------+-----------+---------------+----------------------+------------------------+------------+--------------------------------------------------------+
; 3:1                ; 8 bits    ; 16 LEs        ; 16 LEs               ; 0 LEs                  ; Yes        ; |top|top_level:core|nr_unit:fsm|exp_work[5]            ;
; 3:1                ; 31 bits   ; 62 LEs        ; 62 LEs               ; 0 LEs                  ; Yes        ; |top|top_level:core|nr_unit:fsm|out_mant_q[27]         ;
; 3:1                ; 17 bits   ; 34 LEs        ; 17 LEs               ; 17 LEs                 ; Yes        ; |top|top_level:core|nr_unit:fsm|y_q[24]                ;
; 4:1                ; 32 bits   ; 64 LEs        ; 0 LEs                ; 64 LEs                 ; Yes        ; |top|top_level:core|nr_unit:fsm|term_q[25]             ;
; 4:1                ; 15 bits   ; 30 LEs        ; 30 LEs               ; 0 LEs                  ; Yes        ; |top|top_level:core|nr_unit:fsm|y_q[10]                ;
; 3:1                ; 16 bits   ; 32 LEs        ; 16 LEs               ; 16 LEs                 ; No         ; |top|top_level:core|pack_bfloat16:pack|ShiftLeft0      ;
; 3:1                ; 16 bits   ; 32 LEs        ; 16 LEs               ; 16 LEs                 ; No         ; |top|top_level:core|pack_bfloat16:pack|ShiftLeft0      ;
; 3:1                ; 40 bits   ; 80 LEs        ; 80 LEs               ; 0 LEs                  ; No         ; |top|top_level:core|pack_bfloat16:pack|norm_mant       ;
; 3:1                ; 40 bits   ; 80 LEs        ; 80 LEs               ; 0 LEs                  ; No         ; |top|top_level:core|pack_bfloat16:pack|norm_mant       ;
; 3:1                ; 40 bits   ; 80 LEs        ; 80 LEs               ; 0 LEs                  ; No         ; |top|top_level:core|pack_bfloat16:pack|norm_mant       ;
; 3:1                ; 40 bits   ; 80 LEs        ; 80 LEs               ; 0 LEs                  ; No         ; |top|top_level:core|pack_bfloat16:pack|norm_exp        ;
; 3:1                ; 40 bits   ; 80 LEs        ; 80 LEs               ; 0 LEs                  ; No         ; |top|top_level:core|pack_bfloat16:pack|norm_exp        ;
; 3:1                ; 40 bits   ; 80 LEs        ; 80 LEs               ; 0 LEs                  ; No         ; |top|top_level:core|pack_bfloat16:pack|norm_mant       ;
; 3:1                ; 40 bits   ; 80 LEs        ; 80 LEs               ; 0 LEs                  ; No         ; |top|top_level:core|pack_bfloat16:pack|norm_mant       ;
; 3:1                ; 40 bits   ; 80 LEs        ; 80 LEs               ; 0 LEs                  ; No         ; |top|top_level:core|pack_bfloat16:pack|norm_mant       ;
; 3:1                ; 5 bits    ; 10 LEs        ; 10 LEs               ; 0 LEs                  ; No         ; |top|top_level:core|recip_rom:recip_sd|recip_idx[0]    ;
; 5:1                ; 23 bits   ; 69 LEs        ; 69 LEs               ; 0 LEs                  ; No         ; |top|top_level:core|nr_unit:fsm|Selector37             ;
; 6:1                ; 7 bits    ; 28 LEs        ; 28 LEs               ; 0 LEs                  ; No         ; |top|display_value[13]                                 ;
; 6:1                ; 9 bits    ; 36 LEs        ; 18 LEs               ; 18 LEs                 ; No         ; |top|top_level:core|nr_unit:fsm|Selector54             ;
; 8:1                ; 9 bits    ; 45 LEs        ; 18 LEs               ; 27 LEs                 ; No         ; |top|top_level:core|nr_unit:fsm|Selector17             ;
; 17:1               ; 3 bits    ; 33 LEs        ; 27 LEs               ; 6 LEs                  ; No         ; |top|display_value[6]                                  ;
; 18:1               ; 2 bits    ; 24 LEs        ; 20 LEs               ; 4 LEs                  ; No         ; |top|display_value[3]                                  ;
; 31:1               ; 2 bits    ; 40 LEs        ; 2 LEs                ; 38 LEs                 ; No         ; |top|top_level:core|rsqrt_rom:rsqrt_sd|rsqrt_idx.11111 ;
+--------------------+-----------+---------------+----------------------+------------------------+------------+--------------------------------------------------------+


+--------------------------------------------------------------------------------------------+
; Parameter Settings for Inferred Entity Instance: top_level:core|nr_unit:fsm|lpm_mult:Mult0 ;
+------------------------------------------------+----------+--------------------------------+
; Parameter Name                                 ; Value    ; Type                           ;
+------------------------------------------------+----------+--------------------------------+
; AUTO_CARRY_CHAINS                              ; ON       ; AUTO_CARRY                     ;
; IGNORE_CARRY_BUFFERS                           ; OFF      ; IGNORE_CARRY                   ;
; AUTO_CASCADE_CHAINS                            ; ON       ; AUTO_CASCADE                   ;
; IGNORE_CASCADE_BUFFERS                         ; OFF      ; IGNORE_CASCADE                 ;
; LPM_WIDTHA                                     ; 32       ; Untyped                        ;
; LPM_WIDTHB                                     ; 32       ; Untyped                        ;
; LPM_WIDTHP                                     ; 64       ; Untyped                        ;
; LPM_WIDTHR                                     ; 64       ; Untyped                        ;
; LPM_WIDTHS                                     ; 1        ; Untyped                        ;
; LPM_REPRESENTATION                             ; UNSIGNED ; Untyped                        ;
; LPM_PIPELINE                                   ; 0        ; Untyped                        ;
; LATENCY                                        ; 0        ; Untyped                        ;
; INPUT_A_IS_CONSTANT                            ; NO       ; Untyped                        ;
; INPUT_B_IS_CONSTANT                            ; NO       ; Untyped                        ;
; USE_EAB                                        ; OFF      ; Untyped                        ;
; MAXIMIZE_SPEED                                 ; 5        ; Untyped                        ;
; DEVICE_FAMILY                                  ; MAX 10   ; Untyped                        ;
; CARRY_CHAIN                                    ; MANUAL   ; Untyped                        ;
; APEX20K_TECHNOLOGY_MAPPER                      ; LUT      ; TECH_MAPPER_APEX20K            ;
; DEDICATED_MULTIPLIER_CIRCUITRY                 ; AUTO     ; Untyped                        ;
; DEDICATED_MULTIPLIER_MIN_INPUT_WIDTH_FOR_AUTO  ; 0        ; Untyped                        ;
; DEDICATED_MULTIPLIER_MIN_OUTPUT_WIDTH_FOR_AUTO ; 0        ; Untyped                        ;
; CBXI_PARAMETER                                 ; mult_tns ; Untyped                        ;
; INPUT_A_FIXED_VALUE                            ; Bx       ; Untyped                        ;
; INPUT_B_FIXED_VALUE                            ; Bx       ; Untyped                        ;
; USE_AHDL_IMPLEMENTATION                        ; OFF      ; Untyped                        ;
+------------------------------------------------+----------+--------------------------------+
Note: In order to hide this table in the UI and the text report file, please set the "Show Parameter Settings in Synthesis Report" option in "Analysis and Synthesis Settings -> More Settings" to "Off".


+-----------------------------------------------------------------------------------+
; lpm_mult Parameter Settings by Entity Instance                                    ;
+---------------------------------------+-------------------------------------------+
; Name                                  ; Value                                     ;
+---------------------------------------+-------------------------------------------+
; Number of entity instances            ; 1                                         ;
; Entity Instance                       ; top_level:core|nr_unit:fsm|lpm_mult:Mult0 ;
;     -- LPM_WIDTHA                     ; 32                                        ;
;     -- LPM_WIDTHB                     ; 32                                        ;
;     -- LPM_WIDTHP                     ; 64                                        ;
;     -- LPM_REPRESENTATION             ; UNSIGNED                                  ;
;     -- INPUT_A_IS_CONSTANT            ; NO                                        ;
;     -- INPUT_B_IS_CONSTANT            ; NO                                        ;
;     -- USE_EAB                        ; OFF                                       ;
;     -- DEDICATED_MULTIPLIER_CIRCUITRY ; AUTO                                      ;
;     -- INPUT_A_FIXED_VALUE            ; Bx                                        ;
;     -- INPUT_B_FIXED_VALUE            ; Bx                                        ;
+---------------------------------------+-------------------------------------------+


+-----------------------------------------------------+
; Post-Synthesis Netlist Statistics for Top Partition ;
+-----------------------+-----------------------------+
; Type                  ; Count                       ;
+-----------------------+-----------------------------+
; boundary_port         ; 71                          ;
; cycloneiii_ff         ; 198                         ;
;     CLR               ; 20                          ;
;     ENA CLR           ; 124                         ;
;     ENA CLR SCLR      ; 1                           ;
;     ENA CLR SLD       ; 53                          ;
; cycloneiii_lcell_comb ; 1385                        ;
;     arith             ; 358                         ;
;         2 data inputs ; 169                         ;
;         3 data inputs ; 189                         ;
;     normal            ; 1027                        ;
;         0 data inputs ; 2                           ;
;         1 data inputs ; 19                          ;
;         2 data inputs ; 73                          ;
;         3 data inputs ; 383                         ;
;         4 data inputs ; 550                         ;
; cycloneiii_mac_mult   ; 4                           ;
; cycloneiii_mac_out    ; 4                           ;
;                       ;                             ;
; Max LUT depth         ; 43.10                       ;
; Average LUT depth     ; 22.53                       ;
+-----------------------+-----------------------------+


+-------------------------------+
; Elapsed Time Per Partition    ;
+----------------+--------------+
; Partition Name ; Elapsed Time ;
+----------------+--------------+
; Top            ; 00:00:03     ;
+----------------+--------------+


+-------------------------------+
; Analysis & Synthesis Messages ;
+-------------------------------+
Info: *******************************************************************
Info: Running Quartus Prime Analysis & Synthesis
    Info: Version 19.1.0 Build 670 09/22/2019 SJ Lite Edition
    Info: Processing started: Thu May 28 19:54:25 2026
Info: Command: quartus_map --read_settings_files=on --write_settings_files=off EEC180_lab5 -c EEC180_lab5
Warning (18236): Number of processors has not been specified which may cause overloading on shared machines.  Set the global assignment NUM_PARALLEL_PROCESSORS in your QSF to an appropriate value for best performance.
Info (20030): Parallel compilation is enabled and will use 4 of the 4 processors detected
Info (12021): Found 1 design units, including 1 entities, in source file top.v
    Info (12023): Found entity 1: top File: C:/Users/isidr/EEC 180 Labs/EEC180_lab5/top.v Line: 2
Info (12021): Found 1 design units, including 1 entities, in source file ram32x16.v
    Info (12023): Found entity 1: ram32x16 File: C:/Users/isidr/EEC 180 Labs/EEC180_lab5/ram32x16.v Line: 2
Info (12021): Found 1 design units, including 1 entities, in source file hex7seg.v
    Info (12023): Found entity 1: hex7seg File: C:/Users/isidr/EEC 180 Labs/EEC180_lab5/hex7seg.v Line: 2
Info (12021): Found 2 design units, including 2 entities, in source file lookup_table.v
    Info (12023): Found entity 1: recip_rom File: C:/Users/isidr/EEC 180 Labs/EEC180_lab5/lookup_table.v Line: 1
    Info (12023): Found entity 2: rsqrt_rom File: C:/Users/isidr/EEC 180 Labs/EEC180_lab5/lookup_table.v Line: 59
Info (12021): Found 1 design units, including 1 entities, in source file pack_bfloat16.v
    Info (12023): Found entity 1: pack_bfloat16 File: C:/Users/isidr/EEC 180 Labs/EEC180_lab5/pack_bfloat16.v Line: 1
Info (12021): Found 1 design units, including 1 entities, in source file nr_unit.v
    Info (12023): Found entity 1: nr_unit File: C:/Users/isidr/EEC 180 Labs/EEC180_lab5/nr_unit.v Line: 1
Info (12021): Found 1 design units, including 1 entities, in source file top_level.v
    Info (12023): Found entity 1: top_level File: C:/Users/isidr/EEC 180 Labs/EEC180_lab5/top_level.v Line: 1
Info (12127): Elaborating entity "top" for the top level hierarchy
Info (12128): Elaborating entity "ram32x16" for hierarchy "ram32x16:input_ram" File: C:/Users/isidr/EEC 180 Labs/EEC180_lab5/top.v Line: 35
Info (12128): Elaborating entity "top_level" for hierarchy "top_level:core" File: C:/Users/isidr/EEC 180 Labs/EEC180_lab5/top.v Line: 44
Info (12128): Elaborating entity "rsqrt_rom" for hierarchy "top_level:core|rsqrt_rom:rsqrt_sd" File: C:/Users/isidr/EEC 180 Labs/EEC180_lab5/top_level.v Line: 17
Info (12128): Elaborating entity "recip_rom" for hierarchy "top_level:core|recip_rom:recip_sd" File: C:/Users/isidr/EEC 180 Labs/EEC180_lab5/top_level.v Line: 22
Info (12128): Elaborating entity "nr_unit" for hierarchy "top_level:core|nr_unit:fsm" File: C:/Users/isidr/EEC 180 Labs/EEC180_lab5/top_level.v Line: 38
Warning (10270): Verilog HDL Case Statement warning at nr_unit.v(54): incomplete case statement has no default case item File: C:/Users/isidr/EEC 180 Labs/EEC180_lab5/nr_unit.v Line: 54
Info (10264): Verilog HDL Case Statement information at nr_unit.v(54): all case item expressions in this case statement are onehot File: C:/Users/isidr/EEC 180 Labs/EEC180_lab5/nr_unit.v Line: 54
Info (12128): Elaborating entity "pack_bfloat16" for hierarchy "top_level:core|pack_bfloat16:pack" File: C:/Users/isidr/EEC 180 Labs/EEC180_lab5/top_level.v Line: 44
Warning (10764): Verilog HDL warning at pack_bfloat16.v(50): converting signed shift amount to unsigned File: C:/Users/isidr/EEC 180 Labs/EEC180_lab5/pack_bfloat16.v Line: 50
Info (12128): Elaborating entity "hex7seg" for hierarchy "hex7seg:y3_display" File: C:/Users/isidr/EEC 180 Labs/EEC180_lab5/top.v Line: 61
Info (276014): Found 2 instances of uninferred RAM logic
    Info (276004): RAM logic "ram32x16:input_ram|Ram0" is uninferred due to inappropriate RAM size File: C:/Users/isidr/EEC 180 Labs/EEC180_lab5/ram32x16.v Line: 7
    Info (276007): RAM logic "top_level:core|recip_rom:recip_sd|Ram0" is uninferred due to asynchronous read logic File: C:/Users/isidr/EEC 180 Labs/EEC180_lab5/lookup_table.v Line: 21
Info (278001): Inferred 1 megafunctions from design logic
    Info (278003): Inferred multiplier megafunction ("lpm_mult") from the following logic: "top_level:core|nr_unit:fsm|Mult0" File: C:/Users/isidr/EEC 180 Labs/EEC180_lab5/nr_unit.v Line: 47
Info (12130): Elaborated megafunction instantiation "top_level:core|nr_unit:fsm|lpm_mult:Mult0" File: C:/Users/isidr/EEC 180 Labs/EEC180_lab5/nr_unit.v Line: 47
Info (12133): Instantiated megafunction "top_level:core|nr_unit:fsm|lpm_mult:Mult0" with the following parameter: File: C:/Users/isidr/EEC 180 Labs/EEC180_lab5/nr_unit.v Line: 47
    Info (12134): Parameter "LPM_WIDTHA" = "32"
    Info (12134): Parameter "LPM_WIDTHB" = "32"
    Info (12134): Parameter "LPM_WIDTHP" = "64"
    Info (12134): Parameter "LPM_WIDTHR" = "64"
    Info (12134): Parameter "LPM_WIDTHS" = "1"
    Info (12134): Parameter "LPM_REPRESENTATION" = "UNSIGNED"
    Info (12134): Parameter "INPUT_A_IS_CONSTANT" = "NO"
    Info (12134): Parameter "INPUT_B_IS_CONSTANT" = "NO"
    Info (12134): Parameter "MAXIMIZE_SPEED" = "5"
Info (12021): Found 1 design units, including 1 entities, in source file db/mult_tns.tdf
    Info (12023): Found entity 1: mult_tns File: C:/Users/isidr/EEC 180 Labs/EEC180_lab5/db/mult_tns.tdf Line: 31
Info (13014): Ignored 180 buffer(s)
    Info (13019): Ignored 180 SOFT buffer(s)
Warning (13024): Output pins are stuck at VCC or GND
    Warning (13410): Pin "HEX0[7]" is stuck at VCC File: C:/Users/isidr/EEC 180 Labs/EEC180_lab5/top.v Line: 7
    Warning (13410): Pin "HEX1[7]" is stuck at VCC File: C:/Users/isidr/EEC 180 Labs/EEC180_lab5/top.v Line: 8
    Warning (13410): Pin "HEX2[7]" is stuck at VCC File: C:/Users/isidr/EEC 180 Labs/EEC180_lab5/top.v Line: 9
    Warning (13410): Pin "HEX3[7]" is stuck at VCC File: C:/Users/isidr/EEC 180 Labs/EEC180_lab5/top.v Line: 10
    Warning (13410): Pin "HEX4[0]" is stuck at VCC File: C:/Users/isidr/EEC 180 Labs/EEC180_lab5/top.v Line: 11
    Warning (13410): Pin "HEX4[1]" is stuck at VCC File: C:/Users/isidr/EEC 180 Labs/EEC180_lab5/top.v Line: 11
    Warning (13410): Pin "HEX4[2]" is stuck at VCC File: C:/Users/isidr/EEC 180 Labs/EEC180_lab5/top.v Line: 11
    Warning (13410): Pin "HEX4[3]" is stuck at VCC File: C:/Users/isidr/EEC 180 Labs/EEC180_lab5/top.v Line: 11
    Warning (13410): Pin "HEX4[4]" is stuck at VCC File: C:/Users/isidr/EEC 180 Labs/EEC180_lab5/top.v Line: 11
    Warning (13410): Pin "HEX4[5]" is stuck at VCC File: C:/Users/isidr/EEC 180 Labs/EEC180_lab5/top.v Line: 11
    Warning (13410): Pin "HEX4[6]" is stuck at VCC File: C:/Users/isidr/EEC 180 Labs/EEC180_lab5/top.v Line: 11
    Warning (13410): Pin "HEX4[7]" is stuck at VCC File: C:/Users/isidr/EEC 180 Labs/EEC180_lab5/top.v Line: 11
    Warning (13410): Pin "HEX5[0]" is stuck at VCC File: C:/Users/isidr/EEC 180 Labs/EEC180_lab5/top.v Line: 13
    Warning (13410): Pin "HEX5[1]" is stuck at VCC File: C:/Users/isidr/EEC 180 Labs/EEC180_lab5/top.v Line: 13
    Warning (13410): Pin "HEX5[2]" is stuck at VCC File: C:/Users/isidr/EEC 180 Labs/EEC180_lab5/top.v Line: 13
    Warning (13410): Pin "HEX5[3]" is stuck at VCC File: C:/Users/isidr/EEC 180 Labs/EEC180_lab5/top.v Line: 13
    Warning (13410): Pin "HEX5[4]" is stuck at VCC File: C:/Users/isidr/EEC 180 Labs/EEC180_lab5/top.v Line: 13
    Warning (13410): Pin "HEX5[5]" is stuck at VCC File: C:/Users/isidr/EEC 180 Labs/EEC180_lab5/top.v Line: 13
    Warning (13410): Pin "HEX5[6]" is stuck at VCC File: C:/Users/isidr/EEC 180 Labs/EEC180_lab5/top.v Line: 13
    Warning (13410): Pin "HEX5[7]" is stuck at VCC File: C:/Users/isidr/EEC 180 Labs/EEC180_lab5/top.v Line: 13
Info (286030): Timing-Driven Synthesis is running
Info (17049): 3 registers lost all their fanouts during netlist optimizations.
Info (16010): Generating hard_block partition "hard_block:auto_generated_inst"
    Info (16011): Adding 0 node(s), including 0 DDIO, 0 PLL, 0 transceiver and 0 LCELL
Info (21057): Implemented 1553 device resources after synthesis - the final resource count might be different
    Info (21058): Implemented 13 input pins
    Info (21059): Implemented 58 output pins
    Info (21061): Implemented 1474 logic cells
    Info (21062): Implemented 8 DSP elements
Info: Quartus Prime Analysis & Synthesis was successful. 0 errors, 24 warnings
    Info: Peak virtual memory: 4791 megabytes
    Info: Processing ended: Thu May 28 19:54:36 2026
    Info: Elapsed time: 00:00:11
    Info: Total CPU time (on all processors): 00:00:23


